mode: set
jwks-go/db.go:20.32,22.2 1 1
jwks-go/db.go:24.66,26.18 2 1
jwks-go/db.go:26.18,28.3 1 1
jwks-go/db.go:29.2,29.47 1 1
jwks-go/db.go:32.50,34.16 2 1
jwks-go/db.go:34.16,36.3 1 0
jwks-go/db.go:37.2,42.13 4 1
jwks-go/db.go:42.13,47.3 1 1
jwks-go/db.go:47.8,52.3 1 1
jwks-go/db.go:54.2,58.55 4 1
jwks-go/db.go:58.55,60.3 1 0
jwks-go/db.go:62.2,63.16 2 1
jwks-go/db.go:63.16,65.3 1 0
jwks-go/db.go:67.2,71.8 1 1
jwks-go/db.go:74.44,76.16 2 1
jwks-go/db.go:76.16,78.3 1 0
jwks-go/db.go:79.2,87.16 4 1
jwks-go/db.go:87.16,89.3 1 0
jwks-go/db.go:90.2,94.18 3 1
jwks-go/db.go:94.18,99.57 4 1
jwks-go/db.go:99.57,101.4 1 0
jwks-go/db.go:103.3,104.17 2 1
jwks-go/db.go:104.17,106.4 1 0
jwks-go/db.go:108.3,112.5 1 1
jwks-go/db.go:115.2,115.25 1 1
jwks-go/jwks.go:24.38,26.2 1 1
jwks-go/jwks.go:28.30,31.2 2 1
jwks-go/jwks.go:33.38,43.2 2 1
jwks-go/jwks.go:45.69,46.32 1 1
jwks-go/jwks.go:46.32,49.3 2 1
jwks-go/jwks.go:51.2,52.16 2 1
jwks-go/jwks.go:52.16,55.3 2 0
jwks-go/jwks.go:57.2,58.27 2 1
jwks-go/jwks.go:58.27,60.3 1 1
jwks-go/jwks.go:62.2,63.49 2 1
jwks-go/jwt.go:11.69,12.33 1 1
jwks-go/jwt.go:12.33,15.3 2 1
jwks-go/jwt.go:17.2,20.16 3 1
jwks-go/jwt.go:20.16,23.3 2 0
jwks-go/jwt.go:25.2,38.16 6 1
jwks-go/jwt.go:38.16,41.3 2 0
jwks-go/jwt.go:43.2,48.4 3 1
jwks-go/main.go:15.15,17.16 2 1
jwks-go/main.go:17.16,19.3 1 0
jwks-go/main.go:20.2,30.16 4 1
jwks-go/main.go:30.16,32.3 1 0
jwks-go/main.go:34.75,51.2 5 1
jwks-go/main.go:52.17,54.16 2 1
jwks-go/main.go:54.16,56.3 1 0
jwks-go/main.go:57.2,61.16 4 1
jwks-go/main.go:61.16,63.3 1 0
jwks-go/main.go:65.2,65.15 1 1
jwks-go/main.go:65.15,67.3 1 1
jwks-go/main.go:69.2,70.16 2 1
jwks-go/main.go:70.16,72.3 1 0
jwks-go/main.go:74.2,75.16 2 1
jwks-go/main.go:75.16,77.3 1 0
jwks-go/main.go:79.2,82.60 3 1
jwks-go/main.go:82.60,84.3 1 0
jwks-go/main.go:86.2,86.64 1 1
jwks-go/main.go:86.64,88.3 1 0
jwks-go/main.go:90.37,94.2 3 1
jwks-go/main.go:96.13,98.16 2 0
jwks-go/main.go:98.16,100.3 1 0
jwks-go/main.go:101.2,101.29 1 0
jwks-go/server.go:10.35,12.2 1 1
jwks-go/server.go:14.40,19.2 4 1
jwks-go/server.go:21.41,24.2 2 0
